[2022-01-31T10:29:19.817] [ERROR] error - ReferenceError: userInfo is not defined
    at C:\Users\24138\Desktop\项目\manger-server\routes\users.js:149:30
    at dispatch (C:\Users\24138\Desktop\项目\manger-server\node_modules\koa-compose\index.js:44:32)
    at next (C:\Users\24138\Desktop\项目\manger-server\node_modules\koa-compose\index.js:45:18)
    at C:\Users\24138\Desktop\项目\manger-server\node_modules\koa-router\lib\router.js:346:16
    at dispatch (C:\Users\24138\Desktop\项目\manger-server\node_modules\koa-compose\index.js:44:32)
    at C:\Users\24138\Desktop\项目\manger-server\node_modules\koa-compose\index.js:36:12
    at dispatch (C:\Users\24138\Desktop\项目\manger-server\node_modules\koa-router\lib\router.js:351:31)
    at dispatch (C:\Users\24138\Desktop\项目\manger-server\node_modules\koa\node_modules\koa-compose\index.js:42:32)
    at jwt (C:\Users\24138\Desktop\项目\manger-server\node_modules\koa-jwt\lib\index.js:73:16)
    at async C:\Users\24138\Desktop\项目\manger-server\app.js:39:3
    at async serve (C:\Users\24138\Desktop\项目\manger-server\node_modules\koa-static\index.js:53:9)
    at async logger (C:\Users\24138\Desktop\项目\manger-server\node_modules\koa-logger\index.js:67:7)
    at async bodyParser (C:\Users\24138\Desktop\项目\manger-server\node_modules\koa-bodyparser\index.js:95:5)
[2022-01-31T10:29:21.878] [ERROR] error - ReferenceError: userInfo is not defined
    at C:\Users\24138\Desktop\项目\manger-server\routes\users.js:149:30
    at dispatch (C:\Users\24138\Desktop\项目\manger-server\node_modules\koa-compose\index.js:44:32)
    at next (C:\Users\24138\Desktop\项目\manger-server\node_modules\koa-compose\index.js:45:18)
    at C:\Users\24138\Desktop\项目\manger-server\node_modules\koa-router\lib\router.js:346:16
    at dispatch (C:\Users\24138\Desktop\项目\manger-server\node_modules\koa-compose\index.js:44:32)
    at C:\Users\24138\Desktop\项目\manger-server\node_modules\koa-compose\index.js:36:12
    at dispatch (C:\Users\24138\Desktop\项目\manger-server\node_modules\koa-router\lib\router.js:351:31)
    at dispatch (C:\Users\24138\Desktop\项目\manger-server\node_modules\koa\node_modules\koa-compose\index.js:42:32)
    at jwt (C:\Users\24138\Desktop\项目\manger-server\node_modules\koa-jwt\lib\index.js:73:16)
    at async C:\Users\24138\Desktop\项目\manger-server\app.js:39:3
    at async serve (C:\Users\24138\Desktop\项目\manger-server\node_modules\koa-static\index.js:53:9)
    at async logger (C:\Users\24138\Desktop\项目\manger-server\node_modules\koa-logger\index.js:67:7)
    at async bodyParser (C:\Users\24138\Desktop\项目\manger-server\node_modules\koa-bodyparser\index.js:95:5)
[2022-01-31T10:58:58.755] [ERROR] error - ReferenceError: menulist is not defined
    at C:\Users\24138\Desktop\项目\manger-server\routes\users.js:150:63
    at processTicksAndRejections (internal/process/task_queues.js:95:5)
    at async C:\Users\24138\Desktop\项目\manger-server\app.js:39:3
    at async serve (C:\Users\24138\Desktop\项目\manger-server\node_modules\koa-static\index.js:53:9)
    at async logger (C:\Users\24138\Desktop\项目\manger-server\node_modules\koa-logger\index.js:67:7)
    at async bodyParser (C:\Users\24138\Desktop\项目\manger-server\node_modules\koa-bodyparser\index.js:95:5)
