[2022-07-04T23:59:12.078] [ERROR] error - Error: ER_PARSE_ERROR: You have an error in your SQL syntax; check the manual that corresponds to your MySQL server version for the right syntax to use near '10 OFFSET 0' at line 1
    at Query.Sequence._packetToError (/Users/bytedance/Documents/myCode/software/wise-eye-server/node_modules/mysql/lib/protocol/sequences/Sequence.js:47:14)
    at Query.ErrorPacket (/Users/bytedance/Documents/myCode/software/wise-eye-server/node_modules/mysql/lib/protocol/sequences/Query.js:79:18)
    at Protocol._parsePacket (/Users/bytedance/Documents/myCode/software/wise-eye-server/node_modules/mysql/lib/protocol/Protocol.js:291:23)
    at Parser._parsePacket (/Users/bytedance/Documents/myCode/software/wise-eye-server/node_modules/mysql/lib/protocol/Parser.js:433:10)
    at Parser.write (/Users/bytedance/Documents/myCode/software/wise-eye-server/node_modules/mysql/lib/protocol/Parser.js:43:10)
    at Protocol.write (/Users/bytedance/Documents/myCode/software/wise-eye-server/node_modules/mysql/lib/protocol/Protocol.js:38:16)
    at Socket.<anonymous> (/Users/bytedance/Documents/myCode/software/wise-eye-server/node_modules/mysql/lib/Connection.js:88:28)
    at Socket.<anonymous> (/Users/bytedance/Documents/myCode/software/wise-eye-server/node_modules/mysql/lib/Connection.js:526:10)
    at Socket.emit (node:events:390:28)
    at addChunk (node:internal/streams/readable:315:12)
    at readableAddChunk (node:internal/streams/readable:289:9)
    at Socket.Readable.push (node:internal/streams/readable:228:10)
    at TCP.onStreamRead (node:internal/stream_base_commons:199:23)
    --------------------
    at Protocol._enqueue (/Users/bytedance/Documents/myCode/software/wise-eye-server/node_modules/mysql/lib/protocol/Protocol.js:144:48)
    at Connection.query (/Users/bytedance/Documents/myCode/software/wise-eye-server/node_modules/mysql/lib/Connection.js:198:25)
    at /Users/bytedance/Documents/myCode/software/wise-eye-server/config/db.js:16:16
    at new Promise (<anonymous>)
    at query (/Users/bytedance/Documents/myCode/software/wise-eye-server/config/db.js:15:10)
    at /Users/bytedance/Documents/myCode/software/wise-eye-server/routes/admin.js:22:22
    at processTicksAndRejections (node:internal/process/task_queues:96:5)
    at async logger (/Users/bytedance/Documents/myCode/software/wise-eye-server/node_modules/koa-logger/index.js:67:7)
    at async bodyParser (/Users/bytedance/Documents/myCode/software/wise-eye-server/node_modules/koa-bodyparser/index.js:95:5)
    at async /Users/bytedance/Documents/myCode/software/wise-eye-server/middleware/jwt-check.js:12:9
[2022-07-04T23:59:47.666] [ERROR] error - Error: ER_PARSE_ERROR: You have an error in your SQL syntax; check the manual that corresponds to your MySQL server version for the right syntax to use near '10 OFFSET 0' at line 1
    at Query.Sequence._packetToError (/Users/bytedance/Documents/myCode/software/wise-eye-server/node_modules/mysql/lib/protocol/sequences/Sequence.js:47:14)
    at Query.ErrorPacket (/Users/bytedance/Documents/myCode/software/wise-eye-server/node_modules/mysql/lib/protocol/sequences/Query.js:79:18)
    at Protocol._parsePacket (/Users/bytedance/Documents/myCode/software/wise-eye-server/node_modules/mysql/lib/protocol/Protocol.js:291:23)
    at Parser._parsePacket (/Users/bytedance/Documents/myCode/software/wise-eye-server/node_modules/mysql/lib/protocol/Parser.js:433:10)
    at Parser.write (/Users/bytedance/Documents/myCode/software/wise-eye-server/node_modules/mysql/lib/protocol/Parser.js:43:10)
    at Protocol.write (/Users/bytedance/Documents/myCode/software/wise-eye-server/node_modules/mysql/lib/protocol/Protocol.js:38:16)
    at Socket.<anonymous> (/Users/bytedance/Documents/myCode/software/wise-eye-server/node_modules/mysql/lib/Connection.js:88:28)
    at Socket.<anonymous> (/Users/bytedance/Documents/myCode/software/wise-eye-server/node_modules/mysql/lib/Connection.js:526:10)
    at Socket.emit (node:events:390:28)
    at addChunk (node:internal/streams/readable:315:12)
    at readableAddChunk (node:internal/streams/readable:289:9)
    at Socket.Readable.push (node:internal/streams/readable:228:10)
    at TCP.onStreamRead (node:internal/stream_base_commons:199:23)
    --------------------
    at Protocol._enqueue (/Users/bytedance/Documents/myCode/software/wise-eye-server/node_modules/mysql/lib/protocol/Protocol.js:144:48)
    at Connection.query (/Users/bytedance/Documents/myCode/software/wise-eye-server/node_modules/mysql/lib/Connection.js:198:25)
    at /Users/bytedance/Documents/myCode/software/wise-eye-server/config/db.js:16:16
    at new Promise (<anonymous>)
    at query (/Users/bytedance/Documents/myCode/software/wise-eye-server/config/db.js:15:10)
    at /Users/bytedance/Documents/myCode/software/wise-eye-server/routes/admin.js:23:22
    at processTicksAndRejections (node:internal/process/task_queues:96:5)
    at async logger (/Users/bytedance/Documents/myCode/software/wise-eye-server/node_modules/koa-logger/index.js:67:7)
    at async bodyParser (/Users/bytedance/Documents/myCode/software/wise-eye-server/node_modules/koa-bodyparser/index.js:95:5)
    at async /Users/bytedance/Documents/myCode/software/wise-eye-server/middleware/jwt-check.js:12:9
